<TestRun id="a8044fdc-0936-4fe3-ab75-f8279959920a" name="sarah@BART 2025-04-22 18:02:39" runUser="BART\sarah" xmlns="http://microsoft.com/schemas/VisualStudio/TeamTest/2010">
  <Times creation="2025-04-22T18:02:39.0551901+01:00" queuing="2025-04-22T18:02:39.0551901+01:00" start="2025-04-22T18:02:39.0551901+01:00" finish="2025-04-22T18:02:53.4372541+01:00" />
  <TestSettings name="default" id="10b11c9c-aa52-4a9a-8ff8-4d3875b1788b">
    <Deployment runDeploymentRoot="sarah_BART_2025-04-22_18_02_39" />
  </TestSettings>
  <Results>
    <UnitTestResult executionId="386397aa-d860-455e-aaf7-b194bd5b07f5" testId="47a1f1da-7a18-497a-9cf3-47f6434e85e2" testName="[Check metric exists]" computerName="BART" duration="00:00:04.1072799" startTime="2025-04-22T18:02:49.1003033+01:00" endTime="2025-04-22T18:02:53.2075832+01:00" testType="13cdc9d9-ddb5-4fa4-a97d-d965ccfc6d4b" outcome="Passed" testListId="5157c469-f3eb-4fc7-8c56-d6de2490f024" relativeResultsDirectory="386397aa-d860-455e-aaf7-b194bd5b07f5" />
  </Results>
  <TestDefinitions>
    <UnitTest name="[Check metric exists]" storage="C:\Users\sarah\Documents\Presentations\Automated Testing\repo\AutomatedTesting\tests" id="47a1f1da-7a18-497a-9cf3-47f6434e85e2">
      <Execution id="386397aa-d860-455e-aaf7-b194bd5b07f5" />
      <TestMethod codeBase="C:\Users\sarah\Documents\Presentations\Automated Testing\repo\AutomatedTesting\tests" adapterTypeName="executor://cat/" className="" name="[Check metric exists]" xmlns="" />
    </UnitTest>
  </TestDefinitions>
  <TestEntries>
    <TestEntry testId="47a1f1da-7a18-497a-9cf3-47f6434e85e2" executionId="386397aa-d860-455e-aaf7-b194bd5b07f5" testListId="5157c469-f3eb-4fc7-8c56-d6de2490f024" />
  </TestEntries>
  <TestLists>
    <TestList name="Results Not in a List" id="5157c469-f3eb-4fc7-8c56-d6de2490f024" />
    <TestList name="All Loaded Results" id="65624c00-7c16-440b-86e6-05edf5061dd7" />
  </TestLists>
  <ResultSummary outcome="Passed">
    <Counters total="1" executed="1" passed="1" failed="0" error="0" timeout="0" aborted="0" inconclusive="0" passedButRunAborted="0" notRunnable="0" notExecuted="0" disconnected="0" warning="0" completed="0" inProgress="0" pending="0" />
    <Output>
      <StdOut>Generated by CAT 1.15.1.1. Developed by Joyful Craftsmen (https://www.joyfulcraftsmen.com).</StdOut>
    </Output>
  </ResultSummary>
</TestRun>