<TestRun id="869ca355-ab21-4752-8f34-21ea5c98b9df" name="sarah@BART 2025-04-23 23:02:44" runUser="BART\sarah" xmlns="http://microsoft.com/schemas/VisualStudio/TeamTest/2010">
  <Times creation="2025-04-23T23:02:44.1500014+01:00" queuing="2025-04-23T23:02:44.1500014+01:00" start="2025-04-23T23:02:44.1500014+01:00" finish="2025-04-23T23:02:51.2273682+01:00" />
  <TestSettings name="default" id="2bd1303f-e40b-42e8-95b3-f4da28a0b842">
    <Deployment runDeploymentRoot="sarah_BART_2025-04-23_23_02_44" />
  </TestSettings>
  <Results>
    <UnitTestResult executionId="766e1c5a-2977-4c5e-8954-7629cdf761e2" testId="93e91a59-0a60-4908-a4e9-a5666fcb38b0" testName="[Check metric exists]" computerName="BART" duration="00:00:00.0817415" startTime="2025-04-23T23:02:49.7669716+01:00" endTime="2025-04-23T23:02:49.8487131+01:00" testType="13cdc9d9-ddb5-4fa4-a97d-d965ccfc6d4b" outcome="Passed" testListId="f93a9d59-9553-4843-867e-5962cfb95c85" relativeResultsDirectory="766e1c5a-2977-4c5e-8954-7629cdf761e2" />
    <UnitTestResult executionId="766e1c5a-2977-4c5e-8954-7629cdf761e2" testId="6e2ff3ea-30bb-4d84-b302-9ddae7a130db" testName="[Check metric exists]" computerName="BART" duration="00:00:00.0754691" startTime="2025-04-23T23:02:49.8935020+01:00" endTime="2025-04-23T23:02:49.9689711+01:00" testType="13cdc9d9-ddb5-4fa4-a97d-d965ccfc6d4b" outcome="Passed" testListId="f93a9d59-9553-4843-867e-5962cfb95c85" relativeResultsDirectory="766e1c5a-2977-4c5e-8954-7629cdf761e2" />
    <UnitTestResult executionId="766e1c5a-2977-4c5e-8954-7629cdf761e2" testId="50212278-45da-4856-becc-43255140409c" testName="[Check metric exists]" computerName="BART" duration="00:00:00.0645713" startTime="2025-04-23T23:02:49.9833374+01:00" endTime="2025-04-23T23:02:50.0479087+01:00" testType="13cdc9d9-ddb5-4fa4-a97d-d965ccfc6d4b" outcome="Passed" testListId="f93a9d59-9553-4843-867e-5962cfb95c85" relativeResultsDirectory="766e1c5a-2977-4c5e-8954-7629cdf761e2" />
    <UnitTestResult executionId="766e1c5a-2977-4c5e-8954-7629cdf761e2" testId="45fe6dfd-1d37-43ab-b0fc-669ca6c65a84" testName="[Check metric exists]" computerName="BART" duration="00:00:00.0702780" startTime="2025-04-23T23:02:50.0571127+01:00" endTime="2025-04-23T23:02:50.1273907+01:00" testType="13cdc9d9-ddb5-4fa4-a97d-d965ccfc6d4b" outcome="Passed" testListId="f93a9d59-9553-4843-867e-5962cfb95c85" relativeResultsDirectory="766e1c5a-2977-4c5e-8954-7629cdf761e2" />
    <UnitTestResult executionId="766e1c5a-2977-4c5e-8954-7629cdf761e2" testId="e5390300-68f1-46ae-adda-85f782462837" testName="[Check metric exists]" computerName="BART" duration="00:00:00.0731767" startTime="2025-04-23T23:02:50.1353927+01:00" endTime="2025-04-23T23:02:50.2085694+01:00" testType="13cdc9d9-ddb5-4fa4-a97d-d965ccfc6d4b" outcome="Passed" testListId="f93a9d59-9553-4843-867e-5962cfb95c85" relativeResultsDirectory="766e1c5a-2977-4c5e-8954-7629cdf761e2" />
    <UnitTestResult executionId="766e1c5a-2977-4c5e-8954-7629cdf761e2" testId="5e5e1c7e-efe5-4ba4-86b4-030b87f728dc" testName="[Check metric exists]" computerName="BART" duration="00:00:00.0829838" startTime="2025-04-23T23:02:50.2249387+01:00" endTime="2025-04-23T23:02:50.3079225+01:00" testType="13cdc9d9-ddb5-4fa4-a97d-d965ccfc6d4b" outcome="Passed" testListId="f93a9d59-9553-4843-867e-5962cfb95c85" relativeResultsDirectory="766e1c5a-2977-4c5e-8954-7629cdf761e2" />
    <UnitTestResult executionId="766e1c5a-2977-4c5e-8954-7629cdf761e2" testId="baa606ad-fd2e-446d-a3e2-3ada29905847" testName="[Check metric exists]" computerName="BART" duration="00:00:00.0876001" startTime="2025-04-23T23:02:50.3199094+01:00" endTime="2025-04-23T23:02:50.4075095+01:00" testType="13cdc9d9-ddb5-4fa4-a97d-d965ccfc6d4b" outcome="Passed" testListId="f93a9d59-9553-4843-867e-5962cfb95c85" relativeResultsDirectory="766e1c5a-2977-4c5e-8954-7629cdf761e2" />
    <UnitTestResult executionId="766e1c5a-2977-4c5e-8954-7629cdf761e2" testId="3f989c4c-e944-411a-97ab-269df6351152" testName="[Check metric exists]" computerName="BART" duration="00:00:00.1457047" startTime="2025-04-23T23:02:50.4170020+01:00" endTime="2025-04-23T23:02:50.5627067+01:00" testType="13cdc9d9-ddb5-4fa4-a97d-d965ccfc6d4b" outcome="Failed" testListId="f93a9d59-9553-4843-867e-5962cfb95c85" relativeResultsDirectory="766e1c5a-2977-4c5e-8954-7629cdf761e2">
      <Output>
        <ErrorInfo>
          <Message>Error when executing the test: Query (1, 24) Column &amp;#39;&amp;lt;oii&amp;gt;Average Number of Trips&amp;lt;/oii&amp;gt;&amp;#39; in table &amp;#39;&amp;lt;oii&amp;gt;Trip&amp;lt;/oii&amp;gt;&amp;#39; cannot be found or may not be used in this expression. 
 
Technical Details: 
RootActivityId: 5bbfed1f-daed-4c8e-919a-de0fab523cff 
Date (UTC): 4/23/2025 10:02:50 PM

Description: Check metric exists and is available for visualisation.

First Data Source: SemanticModel
First Query:

EVALUATE ROW (&amp;quot;Output&amp;quot;,&amp;#39;Trip&amp;#39;[Average Number of Trips])


</Message>
          <StackTrace></StackTrace>
        </ErrorInfo>
      </Output>
    </UnitTestResult>
    <UnitTestResult executionId="766e1c5a-2977-4c5e-8954-7629cdf761e2" testId="d55acfd6-34a3-4e89-b095-2ad603a54595" testName="[Check metric exists]" computerName="BART" duration="00:00:00.0689918" startTime="2025-04-23T23:02:50.5784308+01:00" endTime="2025-04-23T23:02:50.6474226+01:00" testType="13cdc9d9-ddb5-4fa4-a97d-d965ccfc6d4b" outcome="Passed" testListId="f93a9d59-9553-4843-867e-5962cfb95c85" relativeResultsDirectory="766e1c5a-2977-4c5e-8954-7629cdf761e2" />
    <UnitTestResult executionId="766e1c5a-2977-4c5e-8954-7629cdf761e2" testId="42f53101-3565-417f-aead-ce285c54562a" testName="[Check metric exists]" computerName="BART" duration="00:00:00.0668034" startTime="2025-04-23T23:02:50.6614268+01:00" endTime="2025-04-23T23:02:50.7282302+01:00" testType="13cdc9d9-ddb5-4fa4-a97d-d965ccfc6d4b" outcome="Passed" testListId="f93a9d59-9553-4843-867e-5962cfb95c85" relativeResultsDirectory="766e1c5a-2977-4c5e-8954-7629cdf761e2" />
    <UnitTestResult executionId="766e1c5a-2977-4c5e-8954-7629cdf761e2" testId="43745905-f247-4391-bd66-c708b311b99d" testName="[Check metric exists]" computerName="BART" duration="00:00:00.0666999" startTime="2025-04-23T23:02:50.7421623+01:00" endTime="2025-04-23T23:02:50.8088622+01:00" testType="13cdc9d9-ddb5-4fa4-a97d-d965ccfc6d4b" outcome="Passed" testListId="f93a9d59-9553-4843-867e-5962cfb95c85" relativeResultsDirectory="766e1c5a-2977-4c5e-8954-7629cdf761e2" />
    <UnitTestResult executionId="766e1c5a-2977-4c5e-8954-7629cdf761e2" testId="3065b67d-7080-4214-b44a-a7eb357f06d3" testName="[Check metric exists]" computerName="BART" duration="00:00:00.0847174" startTime="2025-04-23T23:02:50.8233620+01:00" endTime="2025-04-23T23:02:50.9080794+01:00" testType="13cdc9d9-ddb5-4fa4-a97d-d965ccfc6d4b" outcome="Passed" testListId="f93a9d59-9553-4843-867e-5962cfb95c85" relativeResultsDirectory="766e1c5a-2977-4c5e-8954-7629cdf761e2" />
    <UnitTestResult executionId="766e1c5a-2977-4c5e-8954-7629cdf761e2" testId="dbc85a1c-6b2f-4898-8a2e-8469463fed56" testName="[Check metric exists]" computerName="BART" duration="00:00:00.0699559" startTime="2025-04-23T23:02:50.9175963+01:00" endTime="2025-04-23T23:02:50.9875522+01:00" testType="13cdc9d9-ddb5-4fa4-a97d-d965ccfc6d4b" outcome="Passed" testListId="f93a9d59-9553-4843-867e-5962cfb95c85" relativeResultsDirectory="766e1c5a-2977-4c5e-8954-7629cdf761e2" />
    <UnitTestResult executionId="766e1c5a-2977-4c5e-8954-7629cdf761e2" testId="d4b8cf26-f574-42d8-ab62-bce5e73196f3" testName="[Check metric exists]" computerName="BART" duration="00:00:00.0701579" startTime="2025-04-23T23:02:50.9983325+01:00" endTime="2025-04-23T23:02:51.0684904+01:00" testType="13cdc9d9-ddb5-4fa4-a97d-d965ccfc6d4b" outcome="Passed" testListId="f93a9d59-9553-4843-867e-5962cfb95c85" relativeResultsDirectory="766e1c5a-2977-4c5e-8954-7629cdf761e2" />
  </Results>
  <TestDefinitions>
    <UnitTest name="[Check metric exists]" storage="C:\Users\sarah\Documents\Presentations\repo\AutomatedTesting\tests" id="93e91a59-0a60-4908-a4e9-a5666fcb38b0">
      <Execution id="766e1c5a-2977-4c5e-8954-7629cdf761e2" />
      <TestMethod codeBase="C:\Users\sarah\Documents\Presentations\repo\AutomatedTesting\tests" adapterTypeName="executor://cat/" className="" name="[Check metric exists]" xmlns="" />
    </UnitTest>
    <UnitTest name="[Check metric exists]" storage="C:\Users\sarah\Documents\Presentations\repo\AutomatedTesting\tests" id="6e2ff3ea-30bb-4d84-b302-9ddae7a130db">
      <Execution id="766e1c5a-2977-4c5e-8954-7629cdf761e2" />
      <TestMethod codeBase="C:\Users\sarah\Documents\Presentations\repo\AutomatedTesting\tests" adapterTypeName="executor://cat/" className="" name="[Check metric exists]" xmlns="" />
    </UnitTest>
    <UnitTest name="[Check metric exists]" storage="C:\Users\sarah\Documents\Presentations\repo\AutomatedTesting\tests" id="50212278-45da-4856-becc-43255140409c">
      <Execution id="766e1c5a-2977-4c5e-8954-7629cdf761e2" />
      <TestMethod codeBase="C:\Users\sarah\Documents\Presentations\repo\AutomatedTesting\tests" adapterTypeName="executor://cat/" className="" name="[Check metric exists]" xmlns="" />
    </UnitTest>
    <UnitTest name="[Check metric exists]" storage="C:\Users\sarah\Documents\Presentations\repo\AutomatedTesting\tests" id="45fe6dfd-1d37-43ab-b0fc-669ca6c65a84">
      <Execution id="766e1c5a-2977-4c5e-8954-7629cdf761e2" />
      <TestMethod codeBase="C:\Users\sarah\Documents\Presentations\repo\AutomatedTesting\tests" adapterTypeName="executor://cat/" className="" name="[Check metric exists]" xmlns="" />
    </UnitTest>
    <UnitTest name="[Check metric exists]" storage="C:\Users\sarah\Documents\Presentations\repo\AutomatedTesting\tests" id="e5390300-68f1-46ae-adda-85f782462837">
      <Execution id="766e1c5a-2977-4c5e-8954-7629cdf761e2" />
      <TestMethod codeBase="C:\Users\sarah\Documents\Presentations\repo\AutomatedTesting\tests" adapterTypeName="executor://cat/" className="" name="[Check metric exists]" xmlns="" />
    </UnitTest>
    <UnitTest name="[Check metric exists]" storage="C:\Users\sarah\Documents\Presentations\repo\AutomatedTesting\tests" id="5e5e1c7e-efe5-4ba4-86b4-030b87f728dc">
      <Execution id="766e1c5a-2977-4c5e-8954-7629cdf761e2" />
      <TestMethod codeBase="C:\Users\sarah\Documents\Presentations\repo\AutomatedTesting\tests" adapterTypeName="executor://cat/" className="" name="[Check metric exists]" xmlns="" />
    </UnitTest>
    <UnitTest name="[Check metric exists]" storage="C:\Users\sarah\Documents\Presentations\repo\AutomatedTesting\tests" id="baa606ad-fd2e-446d-a3e2-3ada29905847">
      <Execution id="766e1c5a-2977-4c5e-8954-7629cdf761e2" />
      <TestMethod codeBase="C:\Users\sarah\Documents\Presentations\repo\AutomatedTesting\tests" adapterTypeName="executor://cat/" className="" name="[Check metric exists]" xmlns="" />
    </UnitTest>
    <UnitTest name="[Check metric exists]" storage="C:\Users\sarah\Documents\Presentations\repo\AutomatedTesting\tests" id="3f989c4c-e944-411a-97ab-269df6351152">
      <Execution id="766e1c5a-2977-4c5e-8954-7629cdf761e2" />
      <TestMethod codeBase="C:\Users\sarah\Documents\Presentations\repo\AutomatedTesting\tests" adapterTypeName="executor://cat/" className="" name="[Check metric exists]" xmlns="" />
    </UnitTest>
    <UnitTest name="[Check metric exists]" storage="C:\Users\sarah\Documents\Presentations\repo\AutomatedTesting\tests" id="d55acfd6-34a3-4e89-b095-2ad603a54595">
      <Execution id="766e1c5a-2977-4c5e-8954-7629cdf761e2" />
      <TestMethod codeBase="C:\Users\sarah\Documents\Presentations\repo\AutomatedTesting\tests" adapterTypeName="executor://cat/" className="" name="[Check metric exists]" xmlns="" />
    </UnitTest>
    <UnitTest name="[Check metric exists]" storage="C:\Users\sarah\Documents\Presentations\repo\AutomatedTesting\tests" id="42f53101-3565-417f-aead-ce285c54562a">
      <Execution id="766e1c5a-2977-4c5e-8954-7629cdf761e2" />
      <TestMethod codeBase="C:\Users\sarah\Documents\Presentations\repo\AutomatedTesting\tests" adapterTypeName="executor://cat/" className="" name="[Check metric exists]" xmlns="" />
    </UnitTest>
    <UnitTest name="[Check metric exists]" storage="C:\Users\sarah\Documents\Presentations\repo\AutomatedTesting\tests" id="43745905-f247-4391-bd66-c708b311b99d">
      <Execution id="766e1c5a-2977-4c5e-8954-7629cdf761e2" />
      <TestMethod codeBase="C:\Users\sarah\Documents\Presentations\repo\AutomatedTesting\tests" adapterTypeName="executor://cat/" className="" name="[Check metric exists]" xmlns="" />
    </UnitTest>
    <UnitTest name="[Check metric exists]" storage="C:\Users\sarah\Documents\Presentations\repo\AutomatedTesting\tests" id="3065b67d-7080-4214-b44a-a7eb357f06d3">
      <Execution id="766e1c5a-2977-4c5e-8954-7629cdf761e2" />
      <TestMethod codeBase="C:\Users\sarah\Documents\Presentations\repo\AutomatedTesting\tests" adapterTypeName="executor://cat/" className="" name="[Check metric exists]" xmlns="" />
    </UnitTest>
    <UnitTest name="[Check metric exists]" storage="C:\Users\sarah\Documents\Presentations\repo\AutomatedTesting\tests" id="dbc85a1c-6b2f-4898-8a2e-8469463fed56">
      <Execution id="766e1c5a-2977-4c5e-8954-7629cdf761e2" />
      <TestMethod codeBase="C:\Users\sarah\Documents\Presentations\repo\AutomatedTesting\tests" adapterTypeName="executor://cat/" className="" name="[Check metric exists]" xmlns="" />
    </UnitTest>
    <UnitTest name="[Check metric exists]" storage="C:\Users\sarah\Documents\Presentations\repo\AutomatedTesting\tests" id="d4b8cf26-f574-42d8-ab62-bce5e73196f3">
      <Execution id="766e1c5a-2977-4c5e-8954-7629cdf761e2" />
      <TestMethod codeBase="C:\Users\sarah\Documents\Presentations\repo\AutomatedTesting\tests" adapterTypeName="executor://cat/" className="" name="[Check metric exists]" xmlns="" />
    </UnitTest>
  </TestDefinitions>
  <TestEntries>
    <TestEntry testId="93e91a59-0a60-4908-a4e9-a5666fcb38b0" executionId="766e1c5a-2977-4c5e-8954-7629cdf761e2" testListId="f93a9d59-9553-4843-867e-5962cfb95c85" />
    <TestEntry testId="6e2ff3ea-30bb-4d84-b302-9ddae7a130db" executionId="766e1c5a-2977-4c5e-8954-7629cdf761e2" testListId="f93a9d59-9553-4843-867e-5962cfb95c85" />
    <TestEntry testId="50212278-45da-4856-becc-43255140409c" executionId="766e1c5a-2977-4c5e-8954-7629cdf761e2" testListId="f93a9d59-9553-4843-867e-5962cfb95c85" />
    <TestEntry testId="45fe6dfd-1d37-43ab-b0fc-669ca6c65a84" executionId="766e1c5a-2977-4c5e-8954-7629cdf761e2" testListId="f93a9d59-9553-4843-867e-5962cfb95c85" />
    <TestEntry testId="e5390300-68f1-46ae-adda-85f782462837" executionId="766e1c5a-2977-4c5e-8954-7629cdf761e2" testListId="f93a9d59-9553-4843-867e-5962cfb95c85" />
    <TestEntry testId="5e5e1c7e-efe5-4ba4-86b4-030b87f728dc" executionId="766e1c5a-2977-4c5e-8954-7629cdf761e2" testListId="f93a9d59-9553-4843-867e-5962cfb95c85" />
    <TestEntry testId="baa606ad-fd2e-446d-a3e2-3ada29905847" executionId="766e1c5a-2977-4c5e-8954-7629cdf761e2" testListId="f93a9d59-9553-4843-867e-5962cfb95c85" />
    <TestEntry testId="3f989c4c-e944-411a-97ab-269df6351152" executionId="766e1c5a-2977-4c5e-8954-7629cdf761e2" testListId="f93a9d59-9553-4843-867e-5962cfb95c85" />
    <TestEntry testId="d55acfd6-34a3-4e89-b095-2ad603a54595" executionId="766e1c5a-2977-4c5e-8954-7629cdf761e2" testListId="f93a9d59-9553-4843-867e-5962cfb95c85" />
    <TestEntry testId="42f53101-3565-417f-aead-ce285c54562a" executionId="766e1c5a-2977-4c5e-8954-7629cdf761e2" testListId="f93a9d59-9553-4843-867e-5962cfb95c85" />
    <TestEntry testId="43745905-f247-4391-bd66-c708b311b99d" executionId="766e1c5a-2977-4c5e-8954-7629cdf761e2" testListId="f93a9d59-9553-4843-867e-5962cfb95c85" />
    <TestEntry testId="3065b67d-7080-4214-b44a-a7eb357f06d3" executionId="766e1c5a-2977-4c5e-8954-7629cdf761e2" testListId="f93a9d59-9553-4843-867e-5962cfb95c85" />
    <TestEntry testId="dbc85a1c-6b2f-4898-8a2e-8469463fed56" executionId="766e1c5a-2977-4c5e-8954-7629cdf761e2" testListId="f93a9d59-9553-4843-867e-5962cfb95c85" />
    <TestEntry testId="d4b8cf26-f574-42d8-ab62-bce5e73196f3" executionId="766e1c5a-2977-4c5e-8954-7629cdf761e2" testListId="f93a9d59-9553-4843-867e-5962cfb95c85" />
  </TestEntries>
  <TestLists>
    <TestList name="Results Not in a List" id="f93a9d59-9553-4843-867e-5962cfb95c85" />
    <TestList name="All Loaded Results" id="c741f9ba-f270-4959-b39f-42142ef1e613" />
  </TestLists>
  <ResultSummary outcome="Failed">
    <Counters total="14" executed="14" passed="13" failed="0" error="1" timeout="0" aborted="0" inconclusive="0" passedButRunAborted="0" notRunnable="0" notExecuted="0" disconnected="0" warning="0" completed="0" inProgress="0" pending="0" />
    <Output>
      <StdOut>Generated by CAT 1.15.1.1. Developed by Joyful Craftsmen (https://www.joyfulcraftsmen.com).</StdOut>
    </Output>
  </ResultSummary>
</TestRun>